<?xml version="1.0" encoding="UTF-8"?>
<!-- Generated by org.testng.reporters.JUnitReportReporter -->
<testsuite skipped="1" hostname="ITDEP" name="steps.RunnerFile" tests="1" failures="0" timestamp="2020-11-29T20:44:14 MST" time="0.000" errors="0">
  <testcase name="runScenario" time="0.000" classname="steps.RunnerFile">
    <skipped/>
  </testcase> <!-- runScenario -->
</testsuite> <!-- steps.RunnerFile -->
