<?xml version="1.0" encoding="UTF-8"?>
<!-- Generated by org.testng.reporters.JUnitReportReporter -->
<testsuite skipped="0" hostname="ITDEP" name="seleniumDemo.TestNGAnotations" tests="1" failures="0" timestamp="2020-10-23T10:20:16 MST" time="0.019" errors="0">
  <testcase name="browserTest" time="0.019" classname="seleniumDemo.TestNGAnotations"/>
</testsuite> <!-- seleniumDemo.TestNGAnotations -->
